MPASM  5.35                         PROVA.ASM   11-3-2017  12:09:09         PAGE  1


LOC  OBJECT CODE     LINE SOURCE TEXT
  VALUE

                      00001 ;************** PROVA - PROGRAMA PARA PISCAR LED COM TEMPO ESPECÍFICO*****************GABRIEL CAMPOS
Warning[205]: Found directive in column 1. (LIST)
                      00002 LIST   P=PIC16F628A
Warning[205]: Found directive in column 1. (RADIX)
                      00003 RADIX DEC       
                      00004 #INCLUDE <P16F628A.INC>
                      00001         LIST
                      00002 ; P16F628A.INC  Standard Header File, Version 1.10    Microchip Technology, Inc.
                      00265         LIST
                      00266 
2007   3F10           00005         __CONFIG _INTRC_OSC_NOCLKOUT & _WDT_OFF & _PWRTE_ON & _BODEN_OFF & _LVP_OFF & _CP_OFF & _MCLRE_O
                            FF & _DATA_CP_OFF 
                      00006         ;ou __CONFIG H'3F10'
                      00007 
                      00008         CBLOCK  0x20    ;ENDEREÇO INICIAL DA MEMÓRIA DE
                      00009                                         ;USUÁRIO
  00000020            00010         CONTADOR1
  00000021            00011         CONTADOR2
                      00012         ENDC                    ;FIM DO BLOCO DE MEMÓRIA                
                      00013         
0000                  00014         ORG     0x00            ;ENDEREÇO INICIAL DE PROCESSAMENTO
0000   2801           00015         GOTO    INICIO
                      00016                 
0001                  00017 INICIO
0001   0185           00018         CLRF    PORTA           ;LIMPA O PORTA
0002   0186           00019         CLRF    PORTB           ;LIMPA O PORTB
0003   1683           00020         BSF STATUS, RP0
Message[302]: Register in operand not in bank 0.  Ensure that bank bits are correct.
0004   0186           00021         CLRF TRISB
0005   1283           00022         BCF STATUS, RP0
                      00023 
0006                  00024 REPETE
0006   1486           00025         BSF PORTB, 1            ;ACENDE O LED
0007   2031           00026         CALL ATRASO                     ;CHAMA O PRIMEIRO ATRASO QUE É UM LOOP PARA GASTAR TEMPO,LOOP DE
                             3 CHAMADAS
0008   2031           00027         CALL ATRASO                     ;CHAMA O SEGUNDO ATRASO QUE É UM LOOP PARA GASTAR TEMPO,LOOP DE 
                            3 CHAMADAS.
0009   2031           00028         CALL ATRASO                     
000A   2031           00029         CALL ATRASO                                     
000B   2031           00030         CALL ATRASO
000C   2027           00031         CALL FIM                        ;CHAMA UM ATRASO MENOR,QUE É UM LOOP QUE GASTA TEMPO,LOOP DE 2 C
                            HAMADAS
000D   2027           00032         CALL FIM
000E   2027           00033         CALL FIM
000F   2027           00034         CALL FIM
0010   2027           00035         CALL FIM
0011   0000           00036         NOP                                     ;INSTRUÇÃO PARA GASTAR UM MICRO SEGUNDO
0012   0000           00037         NOP     
0013   0000           00038         NOP
0014   0000           00039         NOP
0015   0000           00040         NOP
0016   1086           00041         BCF PORTB, 1            ;APAGA O LED
0017   2031           00042         CALL ATRASO
MPASM  5.35                         PROVA.ASM   11-3-2017  12:09:09         PAGE  2


LOC  OBJECT CODE     LINE SOURCE TEXT
  VALUE

0018   2031           00043         CALL ATRASO
0019   2031           00044         CALL ATRASO
001A   2031           00045         CALL ATRASO
001B   2031           00046         CALL ATRASO
001C   2027           00047         CALL FIM
001D   2027           00048         CALL FIM
001E   2027           00049         CALL FIM
001F   2027           00050         CALL FIM
0020   2027           00051         CALL FIM
0021   0000           00052         NOP     
0022   0000           00053         NOP
0023   0000           00054         NOP
0024   0000           00055         NOP
0025   0000           00056         NOP
0026   2806           00057         GOTO REPETE
0027                  00058 FIM
0027   30CE           00059         MOVLW   206                             ;MOVE O VALOR 206 PARA O W
0028   00A0           00060         MOVWF   CONTADOR1               ;MOVE O W PARA CONTADOR1
0029   282B           00061         GOTO FIN                                ;VA PARA O FIN
002A   282E           00062         GOTO FINAL                              ;VA PARA O FINAL
002B                  00063 FIN
Message[305]: Using default destination of 1 (file).
002B   0BA0           00064         DECFSZ CONTADOR1                ;DIMINUI 1 DO CONTADOR 1,PULA PROX LINHA SE CHEGAR A 0
002C   282B           00065         GOTO FIN                                ;VA PARA O FIN
002D   0008           00066         RETURN                                  ;RETORNE PARA QUEM CHAMOU O METODO
002E                  00067 FINAL
Message[305]: Using default destination of 1 (file).
002E   0BA0           00068         DECFSZ CONTADOR1                ;DIMINUI 1 DO CONTADOR 1,PULA PROX LINHA SE CHEGAR A 0
002F   282E           00069         GOTO FINAL                              ;VA PARA O FINAL
0030   0008           00070         RETURN                                  ;RETORNE PARA QUEM CHAMOU O METODO
0031                  00071 ATRASO                                  
0031   30A3           00072         MOVLW   163                             ;W RECEBE 163
0032   00A0           00073         MOVWF   CONTADOR1               ;CONTADOR1 RECEBE W
0033   00A1           00074         MOVWF   CONTADOR2               ;CONTADOR2 RECEBE W
0034   2835           00075         GOTO ATRASO1                    ;VA PARA ATRASO1
0035                  00076 ATRASO1                         
Message[305]: Using default destination of 1 (file).
0035   0BA0           00077         DECFSZ  CONTADOR1               ;DIMINUI 1 DO CONTADOR 1,PULA PROX LINHA SE CHEGAR A 0
0036   283C           00078         GOTO    ATRASO3                 ;VA PARA ATRASO3
0037   0008           00079         RETURN                                  ;RETORNE PARA QUEM CHAMOU O METODO
0038                  00080 ATRASO2
Message[305]: Using default destination of 1 (file).
0038   0BA1           00081         DECFSZ  CONTADOR2               ;DIMINUI 1 DO CONTADOR 2,PULA PROX LINHA SE CHEGAR A 0
0039   2838           00082         GOTO ATRASO2                    ;VA PARA ATRASO2
003A   2835           00083         GOTO ATRASO1                    ;VA PARA ATRASO1
003B   0008           00084         RETURN                                  ;RETORNO PARA QUEM CHAMOU O METODO
003C                  00085 ATRASO3
Message[305]: Using default destination of 1 (file).
003C   0BA1           00086         DECFSZ  CONTADOR2               ;DIMINUI 1 DO CONTADOR 2,PULA PROX LINHA SE CHEGAR A 0
003D   283C           00087         GOTO ATRASO3                    ;VA PARA ATRASO3
003E   2838           00088         GOTO ATRASO2                    ;VA PARA ATRASO2
003F   2835           00089         GOTO ATRASO1                    ;VA PARA ATRASO1
0040   0008           00090         RETURN                                  ;RETORNO PARA QUEM CHAMOU ESSE METODO
MPASM  5.35                         PROVA.ASM   11-3-2017  12:09:09         PAGE  3


LOC  OBJECT CODE     LINE SOURCE TEXT
  VALUE

                      00091 
                      00092         
                      00093 
Warning[205]: Found directive in column 1. (END)
                      00094 END
MPASM  5.35                         PROVA.ASM   11-3-2017  12:09:09         PAGE  4


SYMBOL TABLE
  LABEL                             VALUE 

ADEN                              00000003
ATRASO                            00000031
ATRASO1                           00000035
ATRASO2                           00000038
ATRASO3                           0000003C
BRGH                              00000002
C                                 00000000
C1INV                             00000004
C1OUT                             00000006
C2INV                             00000005
C2OUT                             00000007
CCP1CON                           00000017
CCP1IE                            00000002
CCP1IF                            00000002
CCP1M0                            00000000
CCP1M1                            00000001
CCP1M2                            00000002
CCP1M3                            00000003
CCP1X                             00000005
CCP1Y                             00000004
CCPR1H                            00000016
CCPR1L                            00000015
CIS                               00000003
CM0                               00000000
CM1                               00000001
CM2                               00000002
CMCON                             0000001F
CMIE                              00000006
CMIF                              00000006
CONTADOR1                         00000020
CONTADOR2                         00000021
CREN                              00000004
CSRC                              00000007
DC                                00000001
EEADR                             0000009B
EECON1                            0000009C
EECON2                            0000009D
EEDATA                            0000009A
EEIE                              00000007
EEIF                              00000007
F                                 00000001
FERR                              00000002
FIM                               00000027
FIN                               0000002B
FINAL                             0000002E
FSR                               00000004
GIE                               00000007
INDF                              00000000
INICIO                            00000001
INTCON                            0000000B
INTE                              00000004
INTEDG                            00000006
INTF                              00000001
MPASM  5.35                         PROVA.ASM   11-3-2017  12:09:09         PAGE  5


SYMBOL TABLE
  LABEL                             VALUE 

IRP                               00000007
NOT_BO                            00000000
NOT_BOD                           00000000
NOT_BOR                           00000000
NOT_PD                            00000003
NOT_POR                           00000001
NOT_RBPU                          00000007
NOT_T1SYNC                        00000002
NOT_TO                            00000004
OERR                              00000001
OPTION_REG                        00000081
OSCF                              00000003
PCL                               00000002
PCLATH                            0000000A
PCON                              0000008E
PEIE                              00000006
PIE1                              0000008C
PIR1                              0000000C
PORTA                             00000005
PORTB                             00000006
PR2                               00000092
PS0                               00000000
PS1                               00000001
PS2                               00000002
PSA                               00000003
RBIE                              00000003
RBIF                              00000000
RCIE                              00000005
RCIF                              00000005
RCREG                             0000001A
RCSTA                             00000018
RD                                00000000
REPETE                            00000006
RP0                               00000005
RP1                               00000006
RX9                               00000006
RX9D                              00000000
SPBRG                             00000099
SPEN                              00000007
SREN                              00000005
STATUS                            00000003
SYNC                              00000004
T0CS                              00000005
T0IE                              00000005
T0IF                              00000002
T0SE                              00000004
T1CKPS0                           00000004
T1CKPS1                           00000005
T1CON                             00000010
T1OSCEN                           00000003
T2CKPS0                           00000000
T2CKPS1                           00000001
T2CON                             00000012
MPASM  5.35                         PROVA.ASM   11-3-2017  12:09:09         PAGE  6


SYMBOL TABLE
  LABEL                             VALUE 

TMR0                              00000001
TMR1CS                            00000001
TMR1H                             0000000F
TMR1IE                            00000000
TMR1IF                            00000000
TMR1L                             0000000E
TMR1ON                            00000000
TMR2                              00000011
TMR2IE                            00000001
TMR2IF                            00000001
TMR2ON                            00000002
TOUTPS0                           00000003
TOUTPS1                           00000004
TOUTPS2                           00000005
TOUTPS3                           00000006
TRISA                             00000085
TRISB                             00000086
TRMT                              00000001
TX9                               00000006
TX9D                              00000000
TXEN                              00000005
TXIE                              00000004
TXIF                              00000004
TXREG                             00000019
TXSTA                             00000098
VR0                               00000000
VR1                               00000001
VR2                               00000002
VR3                               00000003
VRCON                             0000009F
VREN                              00000007
VROE                              00000006
VRR                               00000005
W                                 00000000
WR                                00000001
WREN                              00000002
WRERR                             00000003
Z                                 00000002
_BODEN_OFF                        00003FBF
_BODEN_ON                         00003FFF
_BOREN_OFF                        00003FBF
_BOREN_ON                         00003FFF
_CP_OFF                           00003FFF
_CP_ON                            00001FFF
_DATA_CP_OFF                      00003FFF
_DATA_CP_ON                       00003EFF
_ER_OSC_CLKOUT                    00003FFF
_ER_OSC_NOCLKOUT                  00003FFE
_EXTCLK_OSC                       00003FEF
_HS_OSC                           00003FEE
_INTOSC_OSC_CLKOUT                00003FFD
_INTOSC_OSC_NOCLKOUT              00003FFC
_INTRC_OSC_CLKOUT                 00003FFD
MPASM  5.35                         PROVA.ASM   11-3-2017  12:09:09         PAGE  7


SYMBOL TABLE
  LABEL                             VALUE 

_INTRC_OSC_NOCLKOUT               00003FFC
_LP_OSC                           00003FEC
_LVP_OFF                          00003F7F
_LVP_ON                           00003FFF
_MCLRE_OFF                        00003FDF
_MCLRE_ON                         00003FFF
_PWRTE_OFF                        00003FFF
_PWRTE_ON                         00003FF7
_RC_OSC_CLKOUT                    00003FFF
_RC_OSC_NOCLKOUT                  00003FFE
_WDT_OFF                          00003FFB
_WDT_ON                           00003FFF
_XT_OSC                           00003FED
__16F628A                         00000001
__DEBUG                           1


MEMORY USAGE MAP ('X' = Used,  '-' = Unused)

0000 : XXXXXXXXXXXXXXXX XXXXXXXXXXXXXXXX XXXXXXXXXXXXXXXX XXXXXXXXXXXXXXXX
0040 : X--------------- ---------------- ---------------- ----------------
2000 : -------X-------- ---------------- ---------------- ----------------

All other memory blocks unused.

Program Memory Words Used:    65
Program Memory Words Free:  1983


Errors   :     0
Warnings :     3 reported,     0 suppressed
Messages :     6 reported,     0 suppressed

