MPASM  5.35             TRABALHOINTEGRADO.ASM   6-12-2017  0:01:43         PAGE  1


LOC  OBJECT CODE     LINE SOURCE TEXT
  VALUE

                      00001 #INCLUDE <P16F628A.INC>         ;ARQUIVO PADRÃO MICROCHIP PARA 16F628A
                      00001         LIST
                      00002 ; P16F628A.INC  Standard Header File, Version 1.10    Microchip Technology, Inc.
                      00265         LIST
                      00266 
Warning[205]: Found directive in column 1. (__CONFIG)
2007   3F10           00002 __CONFIG H'3F10'
Warning[205]: Found directive in column 1. (RADIX)
                      00003 RADIX DEC
                      00004 #DEFINE BANK0   BCF STATUS,RP0  ;SETA BANK 0 DE MEMÓRIA
                      00005 
                      00006 #DEFINE BANK1   BSF STATUS,RP0  ;SETA BANK 1 DE MAMÓRIA
                      00007 
                      00008         CBLOCK  0x20    ;ENDEREÇO INICIAL DA MEMÓRIA DE USUÁRIO
                      00009         
  00000020            00010         CONTADOR1
  00000021            00011         CONTADOR2       
  00000022            00012         CONTADOR3               
  00000023            00013         CONTADOR4       
  00000024            00014         QUALANDAR       ;Numero do andar que está o elevador
                      00015 
                      00016 
                      00017         ENDC                    ;FIM DO BLOCO DE MEMÓRIA                
                      00018 
                      00019 #DEFINE BOTAO   PORTA,2 ;PORTA DO BOTÃO
                      00020                                         ; 0 -> PRESSIONADO
                      00021                                         ; 1 -> LIBERADO
                      00022 
                      00023 #DEFINE LED1    PORTB,0 ;PORTA DO LED
                      00024                                 ; 0 -> APAGADO
                      00025                                 ; 1 -> ACESO
                      00026 
                      00027 #DEFINE LED2    PORTB,1 ;PORTA DO LED
                      00028                                 ; 0 -> APAGADO
                      00029                                 ; 1 -> ACESO
                      00030 #DEFINE LED3    PORTB,2 ;PORTA DO LED
                      00031                                 ; 0 -> APAGADO
                      00032                                 ; 1 -> ACESO
                      00033 #DEFINE LED4    PORTB,3 ;PORTA DO LED
                      00034                                 ;0 -> APAGADO
                      00035                                 ;1 -> ACESO
                      00036 
                      00037 
0000                  00038         ORG     0x00            ;ENDEREÇO INICIAL DE PROCESSAMENTO
0000   2801           00039         GOTO    INICIO
                      00040         
0001                  00041 INICIO
                      00042 
0001   0185           00043         CLRF    PORTA           ;LIMPA O PORTA
0002   0186           00044         CLRF    PORTB           ;LIMPA O PORTB
0003   1683           00045         BANK1                   ;ALTERA PARA O BANCO 1
0004   3004           00046         MOVLW   B'00000100'
Message[302]: Register in operand not in bank 0.  Ensure that bank bits are correct.
MPASM  5.35             TRABALHOINTEGRADO.ASM   6-12-2017  0:01:43         PAGE  2


LOC  OBJECT CODE     LINE SOURCE TEXT
  VALUE

0005   0085           00047         MOVWF   TRISA           ;DEFINE RA2 COMO ENTRADA E DEMAIS COMO SAÍDAS
0006   3000           00048         MOVLW   B'00000000'
Message[302]: Register in operand not in bank 0.  Ensure that bank bits are correct.
0007   0086           00049         MOVWF   TRISB           ;DEFINE TODO O PORTB COMO SAÍDA
0008   3000           00050         MOVLW   B'00000000'
0009   008B           00051         MOVWF   INTCON          ;TODAS AS INTERRUPÇÕES DESLIGADAS
000A   1283           00052         BANK0                   ;RETORNA PARA O BANCO 0
000B   3007           00053         MOVLW   B'00000111'
000C   009F           00054         MOVWF   CMCON           ;DEFINE O MODO DO COMPARADOR ANALÓGICO
                      00055 
                      00056 
000D                  00057 MAIN
                      00058 
000D   30FF           00059         MOVLW -1                                ;Coloca -1 em W
000E   00A3           00060         MOVWF CONTADOR4                 ;Escreve W em CONTADOR4
Message[305]: Using default destination of 1 (file).
000F   0BA3           00061         DECFSZ CONTADOR4                ;decrementa em 1 o contador2, caso seja 0 pula uma linha
0010   2012           00062         call TERREO                             ;Chama TERREO
0011   280D           00063         GOTO MAIN                               ;LOOP da MAIN
                      00064 
0012                  00065 TERREO
0012   3000           00066         MOVLW 0                         ;Coloca 0 em W
0013   00A4           00067         MOVWF QUALANDAR         ;Escreve W em QUALANDAR
                      00068 
0014   1406           00069         BSF LED1                        ;LIGA LED1
0015   2042           00070         call ATRASO1            ;Chama ATRASO1(2seg)
0016   1006           00071         BCF LED1                        ;DESLIGA LED1
0017   201B           00072         call ANDAR1                     ;Vai para o ANDAR1
                      00073         
0018   3000           00074         MOVLW 0                         ;Coloca 0 em W
0019   00A4           00075         MOVWF QUALANDAR         ;Escreve W em QUALANDAR
001A   0008           00076         return                          ;retorna para onde chamou(MAIN)
                      00077 
001B                  00078 ANDAR1
                      00079         ;SUBINDO
001B   3001           00080         MOVLW 1                         ;Coloca 1 em W
001C   00A4           00081         MOVWF QUALANDAR         ;Escreve W em QUALANDAR
                      00082 
001D   1486           00083         BSF     LED2                    ;LIGA LED2
001E   2042           00084         call ATRASO1            ;Chama ATRASO1(2seg)
001F   2042           00085         call ATRASO1            ;Chama ATRASO1(2seg)
0020   1086           00086         BCF LED2                        ;DESLIGA LED2
0021   2029           00087         call ANDAR2                     ;Vai para ANDAR2
                      00088         
                      00089         ;DESCENDO
0022   3001           00090         MOVLW 1                         ;Coloca 1 em W
0023   00A4           00091         MOVWF QUALANDAR         ;Escreve W em QUALANDAR
                      00092 
0024   1486           00093         BSF     LED2                    ;LIGA LED2
0025   2042           00094         call ATRASO1            ;Chama ATRASO1(2seg)
0026   2042           00095         call ATRASO1            ;Chama ATRASO1(2seg)
0027   1086           00096         BCF LED2                        ;DESLIGA LED2
0028   0008           00097         return                          ;retorna para onde chamou(TERREO)
MPASM  5.35             TRABALHOINTEGRADO.ASM   6-12-2017  0:01:43         PAGE  3


LOC  OBJECT CODE     LINE SOURCE TEXT
  VALUE

                      00098         
                      00099 
0029                  00100 ANDAR2
                      00101         ;SUBINDO
0029   3002           00102         MOVLW 2                         ;Coloca 2 em W
002A   00A4           00103         MOVWF QUALANDAR         ;Escreve W em QUALANDAR
                      00104 
002B   1506           00105         BSF LED3                        ;LIGA LED3
002C   2042           00106         call ATRASO1            ;Chama ATRASO1(2seg)
002D   2042           00107         call ATRASO1            ;Chama ATRASO1(2seg)
002E   2042           00108         call ATRASO1            ;Chama ATRASO1(2seg)
002F   1106           00109         BCF LED3                        ;DESLIGA LED3
0030   2039           00110         call ANDAR3
                      00111 
                      00112         ;DESCENDO
0031   3002           00113         MOVLW 2                         ;Coloca 2 em W
0032   00A4           00114         MOVWF QUALANDAR         ;Escreve W em QUALANDAR
                      00115 
0033   1506           00116         BSF LED3                        ;LIGA LED3
0034   2042           00117         call ATRASO1            ;Chama ATRASO1(2seg)
0035   2042           00118         call ATRASO1            ;Chama ATRASO1(2seg)
0036   2042           00119         call ATRASO1            ;Chama ATRASO1(2seg)
0037   1106           00120         BCF LED3                        ;DESLIGA LED3
0038   0008           00121         return                          ;retorna para onde chamou(ANDAR1)
                      00122 
0039                  00123 ANDAR3
0039   3003           00124         MOVLW 3                         ;Coloca 3 em W
003A   00A4           00125         MOVWF QUALANDAR         ;Escreve W em QUALANDAR
                      00126 
003B   1586           00127         BSF LED4                        ;LIGA LED4
003C   2042           00128         call ATRASO1            ;Chama ATRASO1(2seg)
003D   2042           00129         call ATRASO1            ;Chama ATRASO1(2seg)
003E   2042           00130         call ATRASO1            ;Chama ATRASO1(2seg)
003F   2042           00131         call ATRASO1            ;Chama ATRASO1(2seg)
0040   1186           00132         BCF LED4                        ;DESLIGA LED4
0041   0008           00133         return                          ;retorna para onde chamou(ANDAR2)
                      00134         
                      00135 
0042                  00136 ATRASO1
0042   3036           00137         MOVLW 54                                ;Coloca 54 em W ---  54-2seg    27-1seg
0043   00A0           00138         MOVWF CONTADOR1                 ;Escreve W em CONTADOR1
0044                  00139 ATRASO11
0044   0000           00140         nop                                             ;nop            
0045   204B           00141         call ATRASO2                    ;NAO,chama ATRASO2 ;Testa o botao 27 vezes por segundo  
0046   3065           00142         MOVLW 101                               ;Coloca 101 em W
0047   00A1           00143         MOVWF CONTADOR2                 ;Escreve W em CONTADOR2
Message[305]: Using default destination of 1 (file).
0048   0BA0           00144         DECFSZ CONTADOR1                ;Decrementa em 1 o contador1, se 0 pula uma linha
0049   2844           00145         GOTO ATRASO11                   ;jump para ATRASO11
004A   0008           00146         RETURN                                  ;retorna para onde chamou
004B                  00147 ATRASO2
004B   1D05           00148         BTFSS BOTAO                             ;O BOTÃO ESTÁ PRESSIONADO?
004C   2865           00149         GOTO PRESS_BUTTON               ;SIM, ENTÃO TRATA BOTÃO PRESSIONADO
MPASM  5.35             TRABALHOINTEGRADO.ASM   6-12-2017  0:01:43         PAGE  4


LOC  OBJECT CODE     LINE SOURCE TEXT
  VALUE

004D                  00150 ATRASO22        
004D   2062           00151         call ATRASO3                    ;Chama ATRASO3
004E   3078           00152         MOVLW 120                               ;Coloca 120 em W
004F   00A2           00153         MOVWF CONTADOR3                 ;Escreve W em Contador3
Message[305]: Using default destination of 1 (file).
0050   0BA1           00154         DECFSZ CONTADOR2                ;decrementa em 1 o contador2, se 0 pula uma linha
0051   284D           00155         GOTO ATRASO22                   ;jump para ATRASO22
0052   0008           00156         RETURN                                  ;retorna para onde chamou
                      00157 
                      00158 
0053                  00159 ATRASO1B
0053   3036           00160         MOVLW 54                                ;Coloca 54 em W ---  54-2seg    27-1seg
0054   00A0           00161         MOVWF CONTADOR1                 ;Escreve W em CONTADOR1
0055                  00162 ATRASO11B
0055   0000           00163         nop                                             ;nop            
0056   205C           00164         call ATRASO2B                   ;NAO,chama ATRASO2B
0057   3065           00165         MOVLW 101                               ;Coloca 101 em W
0058   00A1           00166         MOVWF CONTADOR2                 ;Escreve W em CONTADOR2
Message[305]: Using default destination of 1 (file).
0059   0BA0           00167         DECFSZ CONTADOR1                ;Decrementa em 1 o contador1, se 0 pula uma linha
005A   2855           00168         GOTO ATRASO11B                  ;jump para ATRASO11B
005B   0008           00169         RETURN                                  ;retorna para onde chamou
005C                  00170 ATRASO2B
005C   2062           00171         call ATRASO3                    ;Chama ATRASO3
005D   3078           00172         MOVLW 120                               ;Coloca 120 em W
005E   00A2           00173         MOVWF CONTADOR3                 ;Escreve W em Contador3
Message[305]: Using default destination of 1 (file).
005F   0BA1           00174         DECFSZ CONTADOR2                ;decrementa em 1 o contador2, se 0 pula uma linha
0060   285C           00175         GOTO ATRASO2B                   ;jump para ATRASO2B
0061   0008           00176         return                                  ;retorna para onde chamou
                      00177 
0062                  00178 ATRASO3
Message[305]: Using default destination of 1 (file).
0062   0BA2           00179         DECFSZ CONTADOR3                ;decrementa em 1 o contador3, se 0 pula uma linha
0063   2862           00180         GOTO ATRASO3                    ;jump para ATRASO3
0064   0008           00181         RETURN                                  ;retorna para onde chamou
                      00182 
                      00183 
0065                  00184 PRESS_BUTTON
Message[305]: Using default destination of 1 (file).
0065   03A4           00185         DECF QUALANDAR                  ;Decrementa em 1 o QUALANDAR
Message[305]: Using default destination of 1 (file).
0066   0FA4           00186         INCFSZ QUALANDAR                ;Incrementa em 1 o QUALANDAR, se 0 pula 1 linha
0067   2869           00187         GOTO IF1                                ;if(QUALANDAR != 0) va para IF1
0068   2870           00188         GOTO noTerreo                   ;if(QUALANDAR == 0) va para noTerreo
0069                  00189 IF1
Message[305]: Using default destination of 1 (file).
0069   0BA4           00190         DECFSZ QUALANDAR                ;Decrementa em 1 o QUALANDAR, se 0 pula 1 linha
006A   286C           00191         GOTO IF2                                ;if(QUALANDAR != 0) va para IF2
006B   287A           00192         GOTO noPrimeiro                 ;if(QUALANDAR == 0) va para noPrimeiro
006C                  00193 IF2
Message[305]: Using default destination of 1 (file).
006C   0BA4           00194         DECFSZ QUALANDAR                ;Decrementa em 1 o QUALANDAR, se 0 pula 1 linha
MPASM  5.35             TRABALHOINTEGRADO.ASM   6-12-2017  0:01:43         PAGE  5


LOC  OBJECT CODE     LINE SOURCE TEXT
  VALUE

006D   286F           00195         GOTO IF3                                ;if(QUALANDAR != 0) va para IF3
006E   2880           00196         GOTO noSegundo                  ;if(QUALANDAR == 0) va para noSegundo
006F                  00197 IF3
006F   2886           00198         GOTO noTerceiro                 ;va para noTerceiro
                      00199 
0070                  00200 noTerreo
0070   3000           00201         MOVLW 0                         ;Coloca 0 em W
0071   00A4           00202         MOVWF QUALANDAR         ;Escreve W em QUALANDAR
                      00203 
0072   1406           00204         BSF LED1                        ;LIGA LED1
0073   1D05           00205         BTFSS BOTAO                     ;O BOTÃO ESTÁ PRESSIONADO?
0074   2870           00206         GOTO noTerreo           ;SIM, va para noTerreo(LOOP)
0075   2053           00207         call ATRASO1B           ;Chama ATRASO1B(2seg)
0076   2053           00208         call ATRASO1B           ;Chama ATRASO1B(2seg)
0077   2053           00209         call ATRASO1B           ;Chama ATRASO1B(2seg)
0078   2053           00210         call ATRASO1B           ;Chama ATRASO1B(2seg)
0079   280D           00211         GOTO MAIN                       ;va para MAIN
                      00212 
007A                  00213 noPrimeiro
007A   3001           00214         MOVLW 1                         ;Coloca 1 em W
007B   00A4           00215         MOVWF QUALANDAR         ;Escreve W em QUALANDAR
                      00216 
007C   1486           00217         BSF     LED2                    ;LIGA LED2
007D   2053           00218         call ATRASO1B           ;Chama ATRASO1B(2seg)
007E   1086           00219         BCF LED2                        ;DESLIGA LED2
007F   2870           00220         GOTO noTerreo           ;va para noTerreo
                      00221 
0080                  00222 noSegundo
0080   3002           00223         MOVLW 2                         ;Coloca 2 em W
0081   00A4           00224         MOVWF QUALANDAR         ;Escreve W em QUALANDAR
                      00225 
0082   1506           00226         BSF LED3                        ;LIGA LED3
0083   2053           00227         call ATRASO1B           ;Chama ATRASO1B(2seg)
0084   1106           00228         BCF LED3                        ;DESLIGA LED3
0085   287A           00229         GOTO noPrimeiro         ;va para noPrimeiro
                      00230 
0086                  00231 noTerceiro
0086   3003           00232         MOVLW 3                         ;Coloca 3 em W
0087   00A4           00233         MOVWF QUALANDAR         ;Escreve W em QUALANDAR
                      00234         
0088   1586           00235         BSF LED4                        ;LIGA LED4
0089   2053           00236         call ATRASO1B           ;Chama ATRASO1B(2seg)
008A   1186           00237         BCF LED4                        ;DESLIGA LED4
008B   2880           00238         GOTO noSegundo          ;va para noSegundo
                      00239                 
                      00240         END                     ;OBRIGATÓRIO
MPASM  5.35             TRABALHOINTEGRADO.ASM   6-12-2017  0:01:43         PAGE  6


SYMBOL TABLE
  LABEL                             VALUE 

ADEN                              00000003
ANDAR1                            0000001B
ANDAR2                            00000029
ANDAR3                            00000039
ATRASO1                           00000042
ATRASO11                          00000044
ATRASO11B                         00000055
ATRASO1B                          00000053
ATRASO2                           0000004B
ATRASO22                          0000004D
ATRASO2B                          0000005C
ATRASO3                           00000062
BANK0                             BCF STATUS,RP0
BANK1                             BSF STATUS,RP0
BOTAO                             PORTA,2
BRGH                              00000002
C                                 00000000
C1INV                             00000004
C1OUT                             00000006
C2INV                             00000005
C2OUT                             00000007
CCP1CON                           00000017
CCP1IE                            00000002
CCP1IF                            00000002
CCP1M0                            00000000
CCP1M1                            00000001
CCP1M2                            00000002
CCP1M3                            00000003
CCP1X                             00000005
CCP1Y                             00000004
CCPR1H                            00000016
CCPR1L                            00000015
CIS                               00000003
CM0                               00000000
CM1                               00000001
CM2                               00000002
CMCON                             0000001F
CMIE                              00000006
CMIF                              00000006
CONTADOR1                         00000020
CONTADOR2                         00000021
CONTADOR3                         00000022
CONTADOR4                         00000023
CREN                              00000004
CSRC                              00000007
DC                                00000001
EEADR                             0000009B
EECON1                            0000009C
EECON2                            0000009D
EEDATA                            0000009A
EEIE                              00000007
EEIF                              00000007
F                                 00000001
MPASM  5.35             TRABALHOINTEGRADO.ASM   6-12-2017  0:01:43         PAGE  7


SYMBOL TABLE
  LABEL                             VALUE 

FERR                              00000002
FSR                               00000004
GIE                               00000007
IF1                               00000069
IF2                               0000006C
IF3                               0000006F
INDF                              00000000
INICIO                            00000001
INTCON                            0000000B
INTE                              00000004
INTEDG                            00000006
INTF                              00000001
IRP                               00000007
LED1                              PORTB,0
LED2                              PORTB,1
LED3                              PORTB,2
LED4                              PORTB,3
MAIN                              0000000D
NOT_BO                            00000000
NOT_BOD                           00000000
NOT_BOR                           00000000
NOT_PD                            00000003
NOT_POR                           00000001
NOT_RBPU                          00000007
NOT_T1SYNC                        00000002
NOT_TO                            00000004
OERR                              00000001
OPTION_REG                        00000081
OSCF                              00000003
PCL                               00000002
PCLATH                            0000000A
PCON                              0000008E
PEIE                              00000006
PIE1                              0000008C
PIR1                              0000000C
PORTA                             00000005
PORTB                             00000006
PR2                               00000092
PRESS_BUTTON                      00000065
PS0                               00000000
PS1                               00000001
PS2                               00000002
PSA                               00000003
QUALANDAR                         00000024
RBIE                              00000003
RBIF                              00000000
RCIE                              00000005
RCIF                              00000005
RCREG                             0000001A
RCSTA                             00000018
RD                                00000000
RP0                               00000005
RP1                               00000006
MPASM  5.35             TRABALHOINTEGRADO.ASM   6-12-2017  0:01:43         PAGE  8


SYMBOL TABLE
  LABEL                             VALUE 

RX9                               00000006
RX9D                              00000000
SPBRG                             00000099
SPEN                              00000007
SREN                              00000005
STATUS                            00000003
SYNC                              00000004
T0CS                              00000005
T0IE                              00000005
T0IF                              00000002
T0SE                              00000004
T1CKPS0                           00000004
T1CKPS1                           00000005
T1CON                             00000010
T1OSCEN                           00000003
T2CKPS0                           00000000
T2CKPS1                           00000001
T2CON                             00000012
TERREO                            00000012
TMR0                              00000001
TMR1CS                            00000001
TMR1H                             0000000F
TMR1IE                            00000000
TMR1IF                            00000000
TMR1L                             0000000E
TMR1ON                            00000000
TMR2                              00000011
TMR2IE                            00000001
TMR2IF                            00000001
TMR2ON                            00000002
TOUTPS0                           00000003
TOUTPS1                           00000004
TOUTPS2                           00000005
TOUTPS3                           00000006
TRISA                             00000085
TRISB                             00000086
TRMT                              00000001
TX9                               00000006
TX9D                              00000000
TXEN                              00000005
TXIE                              00000004
TXIF                              00000004
TXREG                             00000019
TXSTA                             00000098
VR0                               00000000
VR1                               00000001
VR2                               00000002
VR3                               00000003
VRCON                             0000009F
VREN                              00000007
VROE                              00000006
VRR                               00000005
W                                 00000000
MPASM  5.35             TRABALHOINTEGRADO.ASM   6-12-2017  0:01:43         PAGE  9


SYMBOL TABLE
  LABEL                             VALUE 

WR                                00000001
WREN                              00000002
WRERR                             00000003
Z                                 00000002
_BODEN_OFF                        00003FBF
_BODEN_ON                         00003FFF
_BOREN_OFF                        00003FBF
_BOREN_ON                         00003FFF
_CP_OFF                           00003FFF
_CP_ON                            00001FFF
_DATA_CP_OFF                      00003FFF
_DATA_CP_ON                       00003EFF
_ER_OSC_CLKOUT                    00003FFF
_ER_OSC_NOCLKOUT                  00003FFE
_EXTCLK_OSC                       00003FEF
_HS_OSC                           00003FEE
_INTOSC_OSC_CLKOUT                00003FFD
_INTOSC_OSC_NOCLKOUT              00003FFC
_INTRC_OSC_CLKOUT                 00003FFD
_INTRC_OSC_NOCLKOUT               00003FFC
_LP_OSC                           00003FEC
_LVP_OFF                          00003F7F
_LVP_ON                           00003FFF
_MCLRE_OFF                        00003FDF
_MCLRE_ON                         00003FFF
_PWRTE_OFF                        00003FFF
_PWRTE_ON                         00003FF7
_RC_OSC_CLKOUT                    00003FFF
_RC_OSC_NOCLKOUT                  00003FFE
_WDT_OFF                          00003FFB
_WDT_ON                           00003FFF
_XT_OSC                           00003FED
__16F628A                         00000001
__DEBUG                           1
noPrimeiro                        0000007A
noSegundo                         00000080
noTerceiro                        00000086
noTerreo                          00000070


MEMORY USAGE MAP ('X' = Used,  '-' = Unused)

0000 : XXXXXXXXXXXXXXXX XXXXXXXXXXXXXXXX XXXXXXXXXXXXXXXX XXXXXXXXXXXXXXXX
0040 : XXXXXXXXXXXXXXXX XXXXXXXXXXXXXXXX XXXXXXXXXXXXXXXX XXXXXXXXXXXXXXXX
0080 : XXXXXXXXXXXX---- ---------------- ---------------- ----------------
2000 : -------X-------- ---------------- ---------------- ----------------

All other memory blocks unused.

Program Memory Words Used:   140
Program Memory Words Free:  1908

MPASM  5.35             TRABALHOINTEGRADO.ASM   6-12-2017  0:01:43         PAGE 10






Errors   :     0
Warnings :     2 reported,     0 suppressed
Messages :    12 reported,     0 suppressed

